<?xml version="1.0" encoding="UTF-8"?>
<!-- Generated by org.testng.reporters.JUnitXMLReporter -->
<testsuite hostname="SIPOTLUR-IN" ignored="0" name="SivaTests" tests="3" failures="1" timestamp="14 Aug 2018 14:57:28 GMT" time="56.864" errors="0">
  <testcase name="bing_test" time="1.069" classname="tests.Test001"/>
  <testcase name="google_test" time="2.599" classname="tests.Test001"/>
  <testcase name="yahoo_test" time="50.215" classname="tests.Test001">
    <failure type="java.lang.AssertionError" message="expected [true] but found [false]">
      <![CDATA[java.lang.AssertionError: expected [true] but found [false]
	at tests.Test001.yahoo_test(Test001.java:66)
... Removed 29 stack frames]]>
    </failure>
  </testcase> <!-- yahoo_test -->
</testsuite> <!-- SivaTests -->
