<?xml version="1.0" encoding="UTF-8"?>
<testng-results skipped="0" failed="1" ignored="0" total="3" passed="2">
  <reporter-output>
  </reporter-output>
  <suite name="SivaTests" duration-ms="56864" started-at="2018-08-14T14:56:31Z" finished-at="2018-08-14T14:57:28Z">
    <groups>
    </groups>
    <test name="SivaTests" duration-ms="56864" started-at="2018-08-14T14:56:31Z" finished-at="2018-08-14T14:57:28Z">
      <class name="tests.Test001">
        <test-method status="PASS" signature="reportBegin()[pri:0, instance:tests.Test001@534a5a98]" name="reportBegin" is-config="true" duration-ms="150" started-at="2018-08-14T20:26:31Z" finished-at="2018-08-14T20:26:31Z">
          <reporter-output>
          </reporter-output>
        </test-method> <!-- reportBegin -->
        <test-method status="PASS" signature="bing_test()[pri:0, instance:tests.Test001@534a5a98]" name="bing_test" duration-ms="1069" started-at="2018-08-14T20:26:31Z" finished-at="2018-08-14T20:26:32Z">
          <reporter-output>
          </reporter-output>
        </test-method> <!-- bing_test -->
        <test-method status="PASS" signature="getTestResult(org.testng.ITestResult)[pri:0, instance:tests.Test001@534a5a98]" name="getTestResult" is-config="true" duration-ms="5" started-at="2018-08-14T20:26:32Z" finished-at="2018-08-14T20:26:32Z">
          <params>
            <param index="0">
              <value>
                <![CDATA[[TestResult name=bing_test status=SUCCESS method=Test001.bing_test()[pri:0, instance:tests.Test001@534a5a98] output={null}]]]>
              </value>
            </param>
          </params>
          <reporter-output>
          </reporter-output>
        </test-method> <!-- getTestResult -->
        <test-method status="PASS" signature="google_test()[pri:0, instance:tests.Test001@534a5a98]" name="google_test" duration-ms="2599" started-at="2018-08-14T20:26:32Z" finished-at="2018-08-14T20:26:35Z">
          <reporter-output>
          </reporter-output>
        </test-method> <!-- google_test -->
        <test-method status="PASS" signature="getTestResult(org.testng.ITestResult)[pri:0, instance:tests.Test001@534a5a98]" name="getTestResult" is-config="true" duration-ms="1" started-at="2018-08-14T20:26:35Z" finished-at="2018-08-14T20:26:35Z">
          <params>
            <param index="0">
              <value>
                <![CDATA[[TestResult name=google_test status=SUCCESS method=Test001.google_test()[pri:0, instance:tests.Test001@534a5a98] output={null}]]]>
              </value>
            </param>
          </params>
          <reporter-output>
          </reporter-output>
        </test-method> <!-- getTestResult -->
        <test-method status="FAIL" signature="yahoo_test()[pri:0, instance:tests.Test001@534a5a98]" name="yahoo_test" duration-ms="50215" started-at="2018-08-14T20:26:35Z" finished-at="2018-08-14T20:27:25Z">
          <exception class="java.lang.AssertionError">
            <message>
              <![CDATA[expected [true] but found [false]]]>
            </message>
            <full-stacktrace>
              <![CDATA[java.lang.AssertionError: expected [true] but found [false]
	at org.testng.Assert.fail(Assert.java:93)
	at org.testng.Assert.failNotEquals(Assert.java:512)
	at org.testng.Assert.assertTrue(Assert.java:41)
	at org.testng.Assert.assertTrue(Assert.java:51)
	at tests.Test001.yahoo_test(Test001.java:66)
	at sun.reflect.NativeMethodAccessorImpl.invoke0(Native Method)
	at sun.reflect.NativeMethodAccessorImpl.invoke(NativeMethodAccessorImpl.java:62)
	at sun.reflect.DelegatingMethodAccessorImpl.invoke(DelegatingMethodAccessorImpl.java:43)
	at java.lang.reflect.Method.invoke(Method.java:498)
	at org.testng.internal.MethodInvocationHelper.invokeMethod(MethodInvocationHelper.java:108)
	at org.testng.internal.Invoker.invokeMethod(Invoker.java:661)
	at org.testng.internal.Invoker.invokeTestMethod(Invoker.java:869)
	at org.testng.internal.Invoker.invokeTestMethods(Invoker.java:1193)
	at org.testng.internal.TestMethodWorker.invokeTestMethods(TestMethodWorker.java:126)
	at org.testng.internal.TestMethodWorker.run(TestMethodWorker.java:109)
	at org.testng.TestRunner.privateRun(TestRunner.java:744)
	at org.testng.TestRunner.run(TestRunner.java:602)
	at org.testng.SuiteRunner.runTest(SuiteRunner.java:380)
	at org.testng.SuiteRunner.runSequentially(SuiteRunner.java:375)
	at org.testng.SuiteRunner.privateRun(SuiteRunner.java:340)
	at org.testng.SuiteRunner.run(SuiteRunner.java:289)
	at org.testng.SuiteRunnerWorker.runSuite(SuiteRunnerWorker.java:52)
	at org.testng.SuiteRunnerWorker.run(SuiteRunnerWorker.java:86)
	at org.testng.TestNG.runSuitesSequentially(TestNG.java:1301)
	at org.testng.TestNG.runSuitesLocally(TestNG.java:1226)
	at org.testng.TestNG.runSuites(TestNG.java:1144)
	at org.testng.TestNG.run(TestNG.java:1115)
	at org.testng.remote.AbstractRemoteTestNG.run(AbstractRemoteTestNG.java:132)
	at org.testng.remote.RemoteTestNG.initAndRun(RemoteTestNG.java:230)
	at org.testng.remote.RemoteTestNG.main(RemoteTestNG.java:76)
]]>
            </full-stacktrace>
          </exception> <!-- java.lang.AssertionError -->
          <reporter-output>
          </reporter-output>
        </test-method> <!-- yahoo_test -->
        <test-method status="PASS" signature="getTestResult(org.testng.ITestResult)[pri:0, instance:tests.Test001@534a5a98]" name="getTestResult" is-config="true" duration-ms="2948" started-at="2018-08-14T20:27:25Z" finished-at="2018-08-14T20:27:28Z">
          <params>
            <param index="0">
              <value>
                <![CDATA[[TestResult name=yahoo_test status=FAILURE method=Test001.yahoo_test()[pri:0, instance:tests.Test001@534a5a98] output={null}]]]>
              </value>
            </param>
          </params>
          <reporter-output>
          </reporter-output>
        </test-method> <!-- getTestResult -->
        <test-method status="PASS" signature="reportEnd()[pri:0, instance:tests.Test001@534a5a98]" name="reportEnd" is-config="true" duration-ms="660" started-at="2018-08-14T20:27:28Z" finished-at="2018-08-14T20:27:28Z">
          <reporter-output>
          </reporter-output>
        </test-method> <!-- reportEnd -->
      </class> <!-- tests.Test001 -->
    </test> <!-- SivaTests -->
  </suite> <!-- SivaTests -->
</testng-results>
